::1 - - [30/Oct/2025 21:31:41] "GET / HTTP/1.1" 200 -
::1 - - [30/Oct/2025 21:32:11] "GET / HTTP/1.1" 200 -
::1 - - [30/Oct/2025 21:32:11] "GET /style.css HTTP/1.1" 200 -
::1 - - [30/Oct/2025 21:32:11] "GET /app.js HTTP/1.1" 200 -
::1 - - [30/Oct/2025 21:32:11] code 404, message File not found
::1 - - [30/Oct/2025 21:32:11] "GET /favicon.ico HTTP/1.1" 404 -
::1 - - [30/Oct/2025 21:32:18] "GET / HTTP/1.1" 304 -
::1 - - [30/Oct/2025 21:32:19] "GET / HTTP/1.1" 304 -
::1 - - [30/Oct/2025 21:32:19] "GET / HTTP/1.1" 304 -
::1 - - [30/Oct/2025 21:32:19] "GET / HTTP/1.1" 304 -
::1 - - [30/Oct/2025 21:32:20] "GET / HTTP/1.1" 304 -
::1 - - [30/Oct/2025 21:32:43] "GET / HTTP/1.1" 304 -
::1 - - [30/Oct/2025 21:32:43] "GET / HTTP/1.1" 304 -
::1 - - [30/Oct/2025 21:32:44] "GET / HTTP/1.1" 304 -
::1 - - [30/Oct/2025 21:34:06] "GET /app.js HTTP/1.1" 200 -
::1 - - [30/Oct/2025 21:35:14] "GET / HTTP/1.1" 304 -
::1 - - [31/Oct/2025 12:56:32] "GET /?id=ee6de685-d972-4a32-851f-1341580f2915&vscodeBrowserReqId=1761895592790 HTTP/1.1" 200 -
::1 - - [31/Oct/2025 12:56:32] "GET /style.css HTTP/1.1" 200 -
::1 - - [31/Oct/2025 12:56:32] "GET /app.js HTTP/1.1" 200 -
::1 - - [31/Oct/2025 12:56:46] "GET / HTTP/1.1" 304 -
::1 - - [31/Oct/2025 12:56:47] "GET /style.css HTTP/1.1" 304 -
::1 - - [31/Oct/2025 12:56:47] "GET /app.js HTTP/1.1" 200 -
::1 - - [31/Oct/2025 13:04:27] "GET / HTTP/1.1" 200 -
::1 - - [31/Oct/2025 13:05:11] "GET / HTTP/1.1" 304 -
::1 - - [31/Oct/2025 13:13:06] "GET / HTTP/1.1" 200 -
::1 - - [31/Oct/2025 13:13:13] "GET / HTTP/1.1" 304 -
